<?xml version="1.0" encoding="UTF-8"?>
<!-- Generated by org.testng.reporters.JUnitReportReporter -->
<testsuite skipped="0" hostname="LAPTOP-86VQD715" name="com.mycompany.app.RestAPITest" tests="2" failures="0" timestamp="16 Feb 2018 21:19:17 GMT" time="0.016" errors="0">
  <testcase name="method5" time="0.016" classname="com.mycompany.app.RestAPITest"/>
  <testcase name="method6" time="0.000" classname="com.mycompany.app.RestAPITest"/>
</testsuite> <!-- com.mycompany.app.RestAPITest -->
