<?xml version="1.0" encoding="UTF-8"?>
<!-- Generated by org.testng.reporters.JUnitReportReporter -->
<testsuite skipped="0" hostname="LAPTOP-86VQD715" name="com.mycompany.app.AppiumTest" tests="2" failures="0" timestamp="16 Feb 2018 22:14:40 GMT" time="0.003" errors="0">
  <testcase name="iOSApp" time="0.001" classname="com.mycompany.app.AppiumTest"/>
  <testcase name="androidApp" time="0.002" classname="com.mycompany.app.AppiumTest"/>
</testsuite> <!-- com.mycompany.app.AppiumTest -->
